<?xml version="1.0" encoding="UTF-8"?>
<testsuite xmlns:xsi="http://www.w3.org/2001/XMLSchema-instance" xsi:noNamespaceSchemaLocation="https://maven.apache.org/surefire/maven-surefire-plugin/xsd/surefire-test-report.xsd" version="3.0.2" name="com.integraju.IntegrajuApplicationTests" time="5.366" tests="3" errors="0" skipped="0" failures="0">
  <properties>
[...]
</properties>
  <testcase name="deveAutenticarSolicitanteValidoERetornarToken" classname="com.integraju.IntegrajuApplicationTests" time="0.298">
    <system-out><![CDATA[17:07:11.287 [main] INFO org.springframework.test.context.support.AnnotationConfigContextLoaderUtils -- Could not detect default configuration classes for test class [com.integraju.IntegrajuApplicationTests]: IntegrajuApplicationTests does not declare any static, non-private, non-final, nested classes annotated with @Configuration.
17:07:11.408 [main] INFO org.springframework.boot.test.context.SpringBootTestContextBootstrapper -- Found @SpringBootConfiguration com.integraju.IntegrajuApplication for test class com.integraju.IntegrajuApplicationTests
17:07:11.556 [main] INFO org.springframework.boot.devtools.restart.RestartApplicationListener -- Restart disabled due to context in which it is running

  .   ____          _            __ _ _
 /\\ / ___'_ __ _ _(_)_ __  __ _ \ \ \ \
( ( )\___ | '_ | '_| | '_ \/ _` | \ \ \ \
 \\/  ___)| |_)| | | | | || (_| |  ) ) ) )
  '  |____| .__|_| |_|_| |_\__, | / / / /
 =========|_|==============|___/=/_/_/_/

 :: Spring Boot ::                (v3.4.5)

2025-06-07T17:07:11.838-03:00  INFO 2171299 --- [integraju] [           main] c.integraju.IntegrajuApplicationTests    : Starting IntegrajuApplicationTests using Java 24.0.1 with PID 2171299 (started by victor in /home/victor/Cluster/Projects/Squad22/squad-22-seplog/backend)
2025-06-07T17:07:11.839-03:00  INFO 2171299 --- [integraju] [           main] c.integraju.IntegrajuApplicationTests    : No active profile set, falling back to 1 default profile: "default"
2025-06-07T17:07:12.579-03:00  INFO 2171299 --- [integraju] [           main] .s.d.r.c.RepositoryConfigurationDelegate : Bootstrapping Spring Data JPA repositories in DEFAULT mode.
2025-06-07T17:07:12.650-03:00  INFO 2171299 --- [integraju] [           main] .s.d.r.c.RepositoryConfigurationDelegate : Finished Spring Data repository scanning in 60 ms. Found 9 JPA repository interfaces.
2025-06-07T17:07:13.194-03:00  INFO 2171299 --- [integraju] [           main] o.hibernate.jpa.internal.util.LogHelper  : HHH000204: Processing PersistenceUnitInfo [name: default]
2025-06-07T17:07:13.235-03:00  INFO 2171299 --- [integraju] [           main] org.hibernate.Version                    : HHH000412: Hibernate ORM core version 6.6.13.Final
2025-06-07T17:07:13.269-03:00  INFO 2171299 --- [integraju] [           main] o.h.c.internal.RegionFactoryInitiator    : HHH000026: Second-level cache disabled
2025-06-07T17:07:13.533-03:00  INFO 2171299 --- [integraju] [           main] o.s.o.j.p.SpringPersistenceUnitInfo      : No LoadTimeWeaver setup: ignoring JPA class transformer
2025-06-07T17:07:13.559-03:00  INFO 2171299 --- [integraju] [           main] com.zaxxer.hikari.HikariDataSource       : HikariPool-1 - Starting...
2025-06-07T17:07:13.647-03:00  INFO 2171299 --- [integraju] [           main] com.zaxxer.hikari.pool.HikariPool        : HikariPool-1 - Added connection org.postgresql.jdbc.PgConnection@43ab9ae9
2025-06-07T17:07:13.649-03:00  INFO 2171299 --- [integraju] [           main] com.zaxxer.hikari.HikariDataSource       : HikariPool-1 - Start completed.
2025-06-07T17:07:13.717-03:00  INFO 2171299 --- [integraju] [           main] org.hibernate.orm.connections.pooling    : HHH10001005: Database info:
	Database JDBC URL [Connecting through datasource 'HikariDataSource (HikariPool-1)']
	Database driver: undefined/unknown
	Database version: 17.4
	Autocommit mode: undefined/unknown
	Isolation level: undefined/unknown
	Minimum pool size: undefined/unknown
	Maximum pool size: undefined/unknown
2025-06-07T17:07:14.351-03:00  INFO 2171299 --- [integraju] [           main] o.h.e.t.j.p.i.JtaPlatformInitiator       : HHH000489: No JTA platform available (set 'hibernate.transaction.jta.platform' to enable JTA platform integration)
Hibernate: set client_min_messages = WARNING
Hibernate: alter table if exists formularios_requisicao drop constraint if exists FKh25itaplhqtayb65ui2yy6clv
Hibernate: alter table if exists formularios_template drop constraint if exists FK3dfyyli6qv5fddmv2uxn7m9tt
Hibernate: alter table if exists logs_requisicoes drop constraint if exists FKh1j3clh5rbgxv9cjpd5hgl15m
Hibernate: alter table if exists logs_requisicoes drop constraint if exists FKc04v9prdr5cs7iknrfe5hy8ao
Hibernate: alter table if exists requisicoes drop constraint if exists FK8dt9dgatoflxpatambo50fl9e
Hibernate: alter table if exists requisicoes drop constraint if exists FK6kt84unx9hiy2k62h7yjoh6ug
Hibernate: alter table if exists servicos drop constraint if exists FKjllsqe1pqpvbrl8ryhwqgjtqu
Hibernate: alter table if exists tipos_requisicao drop constraint if exists FK6amfmqai9n81bm7f7qykd9jue
Hibernate: drop table if exists administradores cascade
Hibernate: drop table if exists formularios_requisicao cascade
Hibernate: drop table if exists formularios_template cascade
Hibernate: drop table if exists logs_requisicoes cascade
Hibernate: drop table if exists requisicoes cascade
Hibernate: drop table if exists servicos cascade
Hibernate: drop table if exists setores cascade
Hibernate: drop table if exists tipos_requisicao cascade
Hibernate: drop table if exists usuarios cascade
Hibernate: drop sequence if exists integer
Hibernate: create sequence integer start with 1 increment by 50
Hibernate: create table administradores (id integer generated by default as identity, email varchar(255) not null unique, perfil varchar(255) not null check (perfil in ('COORDENADOR','ANALISTA')), senha varchar(255) not null, primary key (id))
Hibernate: create table formularios_requisicao (id Integer not null, requisicao_id Integer not null, campo_nome varchar(255) not null, valor varchar(255) not null, primary key (id))
Hibernate: create table formularios_template (id Integer not null, obrigatorio boolean not null, ordem integer, tipo_requisicao_id Integer not null, campo_nome varchar(255) not null, campo_opcoes varchar(255), campo_tipo varchar(255) not null, primary key (id))
Hibernate: create table logs_requisicoes (id Integer not null, requisicao_id Integer not null, usuario_responsavel integer, data timestamp(6), comentario TEXT, status_anterior varchar(255), status_novo varchar(255), primary key (id))
Hibernate: create table requisicoes (id Integer not null, tipo_requisicao_id Integer not null, usuario_id integer not null, criado_em timestamp(6), status varchar(255) not null check (status in ('PENDENTE','EM_ANALISE','DEVOLUTIVA','FINALIZADA','ENCAMINHADA')), primary key (id))
Hibernate: create table servicos (id Integer not null, setor_id Integer not null, descricao varchar(255), nome varchar(255) not null, primary key (id))
Hibernate: create table setores (id Integer not null, nome varchar(255) not null, primary key (id))
Hibernate: create table tipos_requisicao (id Integer not null, servico_id Integer not null, descricao varchar(255), nome varchar(255) not null, primary key (id))
Hibernate: create table usuarios (id integer generated by default as identity, criado_em timestamp(6), cpf_ou_cnpj varchar(18) not null unique, bairro varchar(255), cep varchar(255), cidade varchar(255), complemento varchar(255), email varchar(255) not null unique, logradouro varchar(255), nome varchar(255) not null, numero varchar(255), perfil varchar(255) not null, senha varchar(255) not null, telefone varchar(255) not null, tipo_pessoa varchar(255) not null, uf varchar(255), primary key (id))
Hibernate: alter table if exists formularios_requisicao add constraint FKh25itaplhqtayb65ui2yy6clv foreign key (requisicao_id) references requisicoes
Hibernate: alter table if exists formularios_template add constraint FK3dfyyli6qv5fddmv2uxn7m9tt foreign key (tipo_requisicao_id) references tipos_requisicao
Hibernate: alter table if exists logs_requisicoes add constraint FKh1j3clh5rbgxv9cjpd5hgl15m foreign key (requisicao_id) references requisicoes
Hibernate: alter table if exists logs_requisicoes add constraint FKc04v9prdr5cs7iknrfe5hy8ao foreign key (usuario_responsavel) references usuarios
Hibernate: alter table if exists requisicoes add constraint FK8dt9dgatoflxpatambo50fl9e foreign key (tipo_requisicao_id) references tipos_requisicao
Hibernate: alter table if exists requisicoes add constraint FK6kt84unx9hiy2k62h7yjoh6ug foreign key (usuario_id) references usuarios
Hibernate: alter table if exists servicos add constraint FKjllsqe1pqpvbrl8ryhwqgjtqu foreign key (setor_id) references setores
Hibernate: alter table if exists tipos_requisicao add constraint FK6amfmqai9n81bm7f7qykd9jue foreign key (servico_id) references servicos
2025-06-07T17:07:14.419-03:00  INFO 2171299 --- [integraju] [           main] j.LocalContainerEntityManagerFactoryBean : Initialized JPA EntityManagerFactory for persistence unit 'default'
2025-06-07T17:07:14.990-03:00  WARN 2171299 --- [integraju] [           main] JpaBaseConfiguration$JpaWebConfiguration : spring.jpa.open-in-view is enabled by default. Therefore, database queries may be performed during view rendering. Explicitly configure spring.jpa.open-in-view to disable this warning
2025-06-07T17:07:15.701-03:00  INFO 2171299 --- [integraju] [           main] o.s.b.t.m.w.SpringBootMockServletContext : Initializing Spring TestDispatcherServlet ''
2025-06-07T17:07:15.701-03:00  INFO 2171299 --- [integraju] [           main] o.s.t.web.servlet.TestDispatcherServlet  : Initializing Servlet ''
2025-06-07T17:07:15.702-03:00  INFO 2171299 --- [integraju] [           main] o.s.t.web.servlet.TestDispatcherServlet  : Completed initialization in 1 ms
2025-06-07T17:07:15.727-03:00  INFO 2171299 --- [integraju] [           main] c.integraju.IntegrajuApplicationTests    : Started IntegrajuApplicationTests in 4.18 seconds (process running for 4.999)
Hibernate: select count(*) from administradores a1_0
Hibernate: insert into administradores (email,perfil,senha) values (?,?,?)
>>> Coordenador admin@seplog criado com senha 123456
Hibernate: insert into usuarios (cpf_ou_cnpj,criado_em,email,bairro,cep,cidade,complemento,logradouro,numero,uf,nome,perfil,senha,telefone,tipo_pessoa) values (?,?,?,?,?,?,?,?,?,?,?,?,?,?,?)
Hibernate: select u1_0.id,u1_0.cpf_ou_cnpj,u1_0.criado_em,u1_0.email,u1_0.bairro,u1_0.cep,u1_0.cidade,u1_0.complemento,u1_0.logradouro,u1_0.numero,u1_0.uf,u1_0.nome,u1_0.perfil,u1_0.senha,u1_0.telefone,u1_0.tipo_pessoa from usuarios u1_0 where u1_0.email=?
]]></system-out>
  </testcase>
  <testcase name="deveRetornarUnauthorizedComCredenciaisInvalidas" classname="com.integraju.IntegrajuApplicationTests" time="0.025">
    <system-out><![CDATA[Hibernate: select a1_0.id,a1_0.email,a1_0.perfil,a1_0.senha from administradores a1_0 where a1_0.email=?
]]></system-out>
  </testcase>
  <testcase name="deveAutenticarAdministradorValidoERetornarToken" classname="com.integraju.IntegrajuApplicationTests" time="0.079">
    <system-out><![CDATA[Hibernate: select a1_0.id,a1_0.email,a1_0.perfil,a1_0.senha from administradores a1_0 where a1_0.email=?
Hibernate: select a1_0.id,a1_0.email,a1_0.perfil,a1_0.senha from administradores a1_0 where a1_0.email=?
]]></system-out>
  </testcase>
</testsuite>